<?xml version="1.0" encoding="UTF-8"?>
<!-- Generated by org.testng.reporters.JUnitReportReporter -->
<testsuite hostname="QASudeep" failures="0" tests="1" name="com.scripts.javaProgram" time="10.901" errors="0" timestamp="2024-06-25T12:25:23 IST" skipped="0">
  <testcase classname="com.scripts.javaProgram" name="NSEAutomation" time="10.901"/>
  <system-out/>
</testsuite> <!-- com.scripts.javaProgram -->
