<?xml version="1.0" encoding="UTF-8"?>
<!-- Generated by org.testng.reporters.JUnitReportReporter -->
<testsuite hostname="QASudeep" failures="0" tests="1" name="com.scripts.goIbibo" time="26.438" errors="0" timestamp="2024-06-22T17:22:10 IST" skipped="0">
  <testcase classname="com.scripts.goIbibo" name="test" time="26.438"/>
  <system-out/>
</testsuite> <!-- com.scripts.goIbibo -->
